<?xml version="1.0" encoding="UTF-8"?>
<testsuite name="com.anyangProject.anyangNoticeBoardProject.AnyangNoticeBoardProjectApplicationTests" tests="1" skipped="0" failures="0" errors="0" timestamp="2023-10-05T11:23:00" hostname="DESKTOP-IASG2OC" time="0.731">
  <properties/>
  <testcase name="contextLoads()" classname="com.anyangProject.anyangNoticeBoardProject.AnyangNoticeBoardProjectApplicationTests" time="0.731"/>
  <system-out><![CDATA[20:22:54.289 [Test worker] INFO org.springframework.test.context.support.AnnotationConfigContextLoaderUtils -- Could not detect default configuration classes for test class [com.anyangProject.anyangNoticeBoardProject.AnyangNoticeBoardProjectApplicationTests]: AnyangNoticeBoardProjectApplicationTests does not declare any static, non-private, non-final, nested classes annotated with @Configuration.
20:22:54.433 [Test worker] INFO org.springframework.boot.test.context.SpringBootTestContextBootstrapper -- Found @SpringBootConfiguration com.anyangProject.anyangNoticeBoardProject.AnyangNoticeBoardProjectApplication for test class com.anyangProject.anyangNoticeBoardProject.AnyangNoticeBoardProjectApplicationTests

  .   ____          _            __ _ _
 /\\ / ___'_ __ _ _(_)_ __  __ _ \ \ \ \
( ( )\___ | '_ | '_| | '_ \/ _` | \ \ \ \
 \\/  ___)| |_)| | | | | || (_| |  ) ) ) )
  '  |____| .__|_| |_|_| |_\__, | / / / /
 =========|_|==============|___/=/_/_/_/
 :: Spring Boot ::                (v3.1.3)

2023-10-05T20:22:54.982+09:00  INFO 22612 --- [    Test worker] AnyangNoticeBoardProjectApplicationTests : Starting AnyangNoticeBoardProjectApplicationTests using Java 18.0.2 with PID 22612 (started by vytnd in C:\Users\vytnd\Documents\GitHub\anyangprojectServer)
2023-10-05T20:22:54.983+09:00  INFO 22612 --- [    Test worker] AnyangNoticeBoardProjectApplicationTests : The following 1 profile is active: "local"
2023-10-05T20:22:55.969+09:00  INFO 22612 --- [    Test worker] .s.d.r.c.RepositoryConfigurationDelegate : Bootstrapping Spring Data JPA repositories in DEFAULT mode.
2023-10-05T20:22:56.060+09:00  INFO 22612 --- [    Test worker] .s.d.r.c.RepositoryConfigurationDelegate : Finished Spring Data repository scanning in 78 ms. Found 3 JPA repository interfaces.
2023-10-05T20:22:56.691+09:00  INFO 22612 --- [    Test worker] o.hibernate.jpa.internal.util.LogHelper  : HHH000204: Processing PersistenceUnitInfo [name: default]
2023-10-05T20:22:56.773+09:00  INFO 22612 --- [    Test worker] org.hibernate.Version                    : HHH000412: Hibernate ORM core version 6.2.7.Final
2023-10-05T20:22:56.776+09:00  INFO 22612 --- [    Test worker] org.hibernate.cfg.Environment            : HHH000406: Using bytecode reflection optimizer
2023-10-05T20:22:57.012+09:00  INFO 22612 --- [    Test worker] o.h.b.i.BytecodeProviderInitiator        : HHH000021: Bytecode provider name : bytebuddy
2023-10-05T20:22:57.216+09:00  INFO 22612 --- [    Test worker] o.s.o.j.p.SpringPersistenceUnitInfo      : No LoadTimeWeaver setup: ignoring JPA class transformer
2023-10-05T20:22:57.236+09:00  INFO 22612 --- [    Test worker] com.zaxxer.hikari.HikariDataSource       : HikariPool-1 - Starting...
2023-10-05T20:22:57.310+09:00  INFO 22612 --- [    Test worker] com.zaxxer.hikari.pool.HikariPool        : HikariPool-1 - Added connection org.mariadb.jdbc.MariaDbConnection@2fb082ff
2023-10-05T20:22:57.313+09:00  INFO 22612 --- [    Test worker] com.zaxxer.hikari.HikariDataSource       : HikariPool-1 - Start completed.
2023-10-05T20:22:57.728+09:00  INFO 22612 --- [    Test worker] o.h.b.i.BytecodeProviderInitiator        : HHH000021: Bytecode provider name : bytebuddy
2023-10-05T20:22:58.679+09:00  INFO 22612 --- [    Test worker] o.h.e.t.j.p.i.JtaPlatformInitiator       : HHH000490: Using JtaPlatform implementation: [org.hibernate.engine.transaction.jta.platform.internal.NoJtaPlatform]
2023-10-05T20:22:59.197+09:00  INFO 22612 --- [    Test worker] j.LocalContainerEntityManagerFactoryBean : Initialized JPA EntityManagerFactory for persistence unit 'default'
2023-10-05T20:22:59.800+09:00  WARN 22612 --- [    Test worker] JpaBaseConfiguration$JpaWebConfiguration : spring.jpa.open-in-view is enabled by default. Therefore, database queries may be performed during view rendering. Explicitly configure spring.jpa.open-in-view to disable this warning
2023-10-05T20:23:00.053+09:00  INFO 22612 --- [    Test worker] o.s.s.web.DefaultSecurityFilterChain     : Will secure any request with [org.springframework.security.web.session.DisableEncodeUrlFilter@34d26a68, org.springframework.security.web.context.request.async.WebAsyncManagerIntegrationFilter@fef2768, org.springframework.security.web.context.SecurityContextHolderFilter@31daf094, org.springframework.security.web.header.HeaderWriterFilter@5cb32140, org.springframework.security.web.csrf.CsrfFilter@6f30d0eb, org.springframework.security.web.authentication.logout.LogoutFilter@1735e1c4, org.springframework.security.web.authentication.UsernamePasswordAuthenticationFilter@4b5ceb5d, org.springframework.security.web.savedrequest.RequestCacheAwareFilter@3e265811, org.springframework.security.web.servletapi.SecurityContextHolderAwareRequestFilter@55a07f97, org.springframework.security.web.authentication.AnonymousAuthenticationFilter@3a574a3b, org.springframework.security.web.access.ExceptionTranslationFilter@3458be63, org.springframework.security.web.access.intercept.AuthorizationFilter@7674f9d4]
2023-10-05T20:23:00.797+09:00  INFO 22612 --- [    Test worker] AnyangNoticeBoardProjectApplicationTests : Started AnyangNoticeBoardProjectApplicationTests in 6.116 seconds (process running for 7.727)
]]></system-out>
  <system-err><![CDATA[]]></system-err>
</testsuite>
